PLUMED: PLUMED is starting
PLUMED: Version: 2.7.1 (git: Unknown) compiled on Nov 23 2021 at 16:02:18
PLUMED: Please cite these papers when using PLUMED [1][2]
PLUMED: For further information see the PLUMED web page at http://www.plumed.org
PLUMED: Root: /home/nirz/lmp2021/lib/plumed/plumed2/lib/plumed
PLUMED: For installed feature, see /home/nirz/lmp2021/lib/plumed/plumed2/lib/plumed/src/config/config.txt
PLUMED: Molecular dynamics engine: LAMMPS
PLUMED: Precision of reals: 8
PLUMED: Running over 10 nodes
PLUMED: Number of threads: 1
PLUMED: Cache line size: 512
PLUMED: Number of atoms: 256
PLUMED: File suffix: 
PLUMED: FILE: plumed.start.dat
PLUMED: Action LOAD
PLUMED:   with label @0
PLUMED: Executing: env PLUMED_ROOT="/home/nirz/lmp2021/lib/plumed/plumed2/lib/plumed" env PLUMED_HTMLDIR="/home/nirz/lmp2021/lib/plumed/plumed2/share/doc/plumed" env PLUMED_INCLUDEDIR="/home/nirz/lmp2021/lib/plumed/plumed2/include" env PLUMED_PROGRAM_NAME="plumed" env PLUMED_IS_INSTALLED="yes" "/home/nirz/lmp2021/lib/plumed/plumed2/lib/plumed"/scripts/mklib.sh ../../../PairEntropy.cpp (only on master node)
PLUMED: Loading shared library ./../../../PairEntropy.so
PLUMED: Here is the new list of available actions
PLUMED:   ABMD
PLUMED:   ADAPTIVE_PATH
PLUMED:   ALIGNED_MATRIX
PLUMED:   ALPHABETA
PLUMED:   ALPHARMSD
PLUMED:   ANGLE
PLUMED:   ANGLES
PLUMED:   ANN
PLUMED:   ANTIBETARMSD
PLUMED:   AROUND
PLUMED:   AVERAGE
PLUMED:   BF_CHEBYSHEV
PLUMED:   BF_COMBINED
PLUMED:   BF_COSINE
PLUMED:   BF_CUSTOM
PLUMED:   BF_FOURIER
PLUMED:   BF_LEGENDRE
PLUMED:   BF_POWERS
PLUMED:   BF_SINE
PLUMED:   BIASVALUE
PLUMED:   BOND_DIRECTIONS
PLUMED:   BRIDGE
PLUMED:   CALIBER
PLUMED:   CAVITY
PLUMED:   CELL
PLUMED:   CENTER
PLUMED:   CENTER_OF_MULTICOLVAR
PLUMED:   CLASSICAL_MDS
PLUMED:   CLUSTER_DIAMETER
PLUMED:   CLUSTER_DISTRIBUTION
PLUMED:   CLUSTER_NATOMS
PLUMED:   CLUSTER_PROPERTIES
PLUMED:   CLUSTER_WITHSURFACE
PLUMED:   COLLECT_FRAMES
PLUMED:   COLUMNSUMS
PLUMED:   COM
PLUMED:   COMBINE
PLUMED:   COMMITTOR
PLUMED:   CONSTANT
PLUMED:   CONTACTMAP
PLUMED:   CONTACT_MATRIX
PLUMED:   CONVERT_TO_FES
PLUMED:   COORDINATION
PLUMED:   COORDINATIONNUMBER
PLUMED:   CS2BACKBONE
PLUMED:   CUSTOM
PLUMED:   DEBUG
PLUMED:   DENSITY
PLUMED:   DFSCLUSTERING
PLUMED:   DHENERGY
PLUMED:   DIHCOR
PLUMED:   DIMER
PLUMED:   DIPOLE
PLUMED:   DISTANCE
PLUMED:   DISTANCES
PLUMED:   DISTANCE_FROM_CONTOUR
PLUMED:   DRMSD
PLUMED:   DUMPATOMS
PLUMED:   DUMPCUBE
PLUMED:   DUMPDERIVATIVES
PLUMED:   DUMPFORCES
PLUMED:   DUMPGRAPH
PLUMED:   DUMPGRID
PLUMED:   DUMPMASSCHARGE
PLUMED:   DUMPMULTICOLVAR
PLUMED:   DUMPPROJECTIONS
PLUMED:   EDS
PLUMED:   EEFSOLV
PLUMED:   EFFECTIVE_ENERGY_DRIFT
PLUMED:   EMMI
PLUMED:   ENDPLUMED
PLUMED:   ENERGY
PLUMED:   ENSEMBLE
PLUMED:   ENVIRONMENTSIMILARITY
PLUMED:   ERMSD
PLUMED:   EUCLIDEAN_DISSIMILARITIES
PLUMED:   EXTENDED_LAGRANGIAN
PLUMED:   EXTERNAL
PLUMED:   EXTRACV
PLUMED:   FAKE
PLUMED:   FCCUBIC
PLUMED:   FIND_CONTOUR
PLUMED:   FIND_CONTOUR_SURFACE
PLUMED:   FIND_SPHERICAL_CONTOUR
PLUMED:   FISST
PLUMED:   FIT_TO_TEMPLATE
PLUMED:   FIXEDATOM
PLUMED:   FLUSH
PLUMED:   FOURIER_TRANSFORM
PLUMED:   FRET
PLUMED:   FUNCPATHGENERAL
PLUMED:   FUNCPATHMSD
PLUMED:   FUNCSUMHILLS
PLUMED:   FUNNEL
PLUMED:   FUNNEL_PS
PLUMED:   GHOST
PLUMED:   GPROPERTYMAP
PLUMED:   GRADIENT
PLUMED:   GRID_TO_XYZ
PLUMED:   GROUP
PLUMED:   GYRATION
PLUMED:   HBOND_MATRIX
PLUMED:   HBPAMM_MATRIX
PLUMED:   HBPAMM_SH
PLUMED:   HISTOGRAM
PLUMED:   INCLUDE
PLUMED:   INCYLINDER
PLUMED:   INENVELOPE
PLUMED:   INPLANEDISTANCES
PLUMED:   INSPHERE
PLUMED:   INTEGRATE_GRID
PLUMED:   INTERMOLECULARTORSIONS
PLUMED:   INTERPOLATE_GRID
PLUMED:   JCOUPLING
PLUMED:   LANDMARK_SELECT_FPS
PLUMED:   LANDMARK_SELECT_RANDOM
PLUMED:   LANDMARK_SELECT_STAGED
PLUMED:   LANDMARK_SELECT_STRIDE
PLUMED:   LOAD
PLUMED:   LOCALENSEMBLE
PLUMED:   LOCAL_AVERAGE
PLUMED:   LOCAL_Q3
PLUMED:   LOCAL_Q4
PLUMED:   LOCAL_Q6
PLUMED:   LOGMFD
PLUMED:   LOWER_WALLS
PLUMED:   LWALLS
PLUMED:   MATHEVAL
PLUMED:   MAXENT
PLUMED:   MAZE_LOSS
PLUMED:   MAZE_MEMETIC_SAMPLING
PLUMED:   MAZE_OPTIMIZER_BIAS
PLUMED:   MAZE_RANDOM_ACCELERATION_MD
PLUMED:   MAZE_RANDOM_WALK
PLUMED:   MAZE_SIMULATED_ANNEALING
PLUMED:   MAZE_STEERED_MD
PLUMED:   MCOLV_COMBINE
PLUMED:   MCOLV_PRODUCT
PLUMED:   METAD
PLUMED:   METAINFERENCE
PLUMED:   MFILTER_BETWEEN
PLUMED:   MFILTER_LESS
PLUMED:   MFILTER_MORE
PLUMED:   MOLECULES
PLUMED:   MOLINFO
PLUMED:   MOVINGRESTRAINT
PLUMED:   MTRANSFORM_BETWEEN
PLUMED:   MTRANSFORM_LESS
PLUMED:   MTRANSFORM_MORE
PLUMED:   MULTICOLVARDENS
PLUMED:   MULTI_RMSD
PLUMED:   NLINKS
PLUMED:   NOE
PLUMED:   OPES_METAD
PLUMED:   OPT_AVERAGED_SGD
PLUMED:   OPT_DUMMY
PLUMED:   OUTPUT_ANALYSIS_DATA_TO_COLVAR
PLUMED:   OUTPUT_ANALYSIS_DATA_TO_PDB
PLUMED:   OUTPUT_CLUSTER
PLUMED:   OUTPUT_PCA_PROJECTION
PLUMED:   PAIRENTROPY
PLUMED:   PAMM
PLUMED:   PARABETARMSD
PLUMED:   PATH
PLUMED:   PATHMSD
PLUMED:   PBMETAD
PLUMED:   PCA
PLUMED:   PCARMSD
PLUMED:   PCAVARS
PLUMED:   PCS
PLUMED:   PIECEWISE
PLUMED:   PIV
PLUMED:   PLANES
PLUMED:   PLUMED
PLUMED:   POLYMER_ANGLES
PLUMED:   POSITION
PLUMED:   PRE
PLUMED:   PRINT
PLUMED:   PRINT_DISSIMILARITY_MATRIX
PLUMED:   PROJECTION_ON_AXIS
PLUMED:   PROJECT_ALL_ANALYSIS_DATA
PLUMED:   PROPERTYMAP
PLUMED:   PUCKERING
PLUMED:   Q3
PLUMED:   Q4
PLUMED:   Q6
PLUMED:   RANDOM_EXCHANGES
PLUMED:   RDC
PLUMED:   READ
PLUMED:   READ_DISSIMILARITY_MATRIX
PLUMED:   RESCALE
PLUMED:   RESELECT_LANDMARKS
PLUMED:   RESET_CELL
PLUMED:   RESTART
PLUMED:   RESTRAINT
PLUMED:   REWEIGHT_BIAS
PLUMED:   REWEIGHT_METAD
PLUMED:   REWEIGHT_TEMP_PRESS
PLUMED:   REWEIGHT_WHAM
PLUMED:   RMSD
PLUMED:   ROWSUMS
PLUMED:   SAXS
PLUMED:   SELECT
PLUMED:   SELECTOR
PLUMED:   SIMPLECUBIC
PLUMED:   SKETCHMAP_CONJGRAD
PLUMED:   SKETCHMAP_POINTWISE
PLUMED:   SKETCHMAP_READ
PLUMED:   SKETCHMAP_SMACOF
PLUMED:   SKETCH_MAP
PLUMED:   SMAC
PLUMED:   SMACOF_MDS
PLUMED:   SMAC_MATRIX
PLUMED:   SORT
PLUMED:   SPRINT
PLUMED:   STATS
PLUMED:   TARGET
PLUMED:   TD_CHI
PLUMED:   TD_CHISQUARED
PLUMED:   TD_CUSTOM
PLUMED:   TD_EXPONENTIAL
PLUMED:   TD_EXPONENTIALLY_MODIFIED_GAUSSIAN
PLUMED:   TD_GAUSSIAN
PLUMED:   TD_GENERALIZED_EXTREME_VALUE
PLUMED:   TD_GENERALIZED_NORMAL
PLUMED:   TD_GRID
PLUMED:   TD_LINEAR_COMBINATION
PLUMED:   TD_MULTICANONICAL
PLUMED:   TD_MULTITHERMAL_MULTIBARIC
PLUMED:   TD_PRODUCT_COMBINATION
PLUMED:   TD_PRODUCT_DISTRIBUTION
PLUMED:   TD_UNIFORM
PLUMED:   TD_VONMISES
PLUMED:   TD_WELLTEMPERED
PLUMED:   TEMPLATE
PLUMED:   TETRAHEDRAL
PLUMED:   TETRAHEDRALPORE
PLUMED:   TIME
PLUMED:   TOPOLOGY_MATRIX
PLUMED:   TORSION
PLUMED:   TORSIONS
PLUMED:   UNITS
PLUMED:   UPDATE_IF
PLUMED:   UPPER_WALLS
PLUMED:   UWALLS
PLUMED:   VES_DELTA_F
PLUMED:   VES_LINEAR_EXPANSION
PLUMED:   VES_OUTPUT_BASISFUNCTIONS
PLUMED:   VES_OUTPUT_FES
PLUMED:   VES_OUTPUT_TARGET_DISTRIBUTION
PLUMED:   VOLUME
PLUMED:   WHAM_HISTOGRAM
PLUMED:   WHAM_WEIGHTS
PLUMED:   WHOLEMOLECULES
PLUMED:   WRAPAROUND
PLUMED:   XANGLES
PLUMED:   XDISTANCES
PLUMED:   XYDISTANCES
PLUMED:   XYTORSIONS
PLUMED:   XZDISTANCES
PLUMED:   XZTORSIONS
PLUMED:   YANGLES
PLUMED:   YDISTANCES
PLUMED:   YXTORSIONS
PLUMED:   YZDISTANCES
PLUMED:   YZTORSIONS
PLUMED:   ZANGLES
PLUMED:   ZDISTANCES
PLUMED:   ZXTORSIONS
PLUMED:   ZYTORSIONS
PLUMED: Action PAIRENTROPY
PLUMED:   with label s2
PLUMED:   Please read and cite [3]
PLUMED:   using periodic boundary conditions
PLUMED:   The g(r) will be normalized with a density N/V . 
PLUMED:   Integration in the interval from 0. to 0.700000 
PLUMED:   The pair distribution function is calculated with a Gaussian kernel with deviation 0.012500 
PLUMED:   The interval is partitioned in 57 equal parts and the integration is performed with the trapezoid rule. 
PLUMED: Action ENERGY
PLUMED:   with label ene
PLUMED:   Bibliography [4][5]
PLUMED: Action VOLUME
PLUMED:   with label vol
PLUMED: Action COMBINE
PLUMED:   with label enthalpy
PLUMED:   with arguments ene vol
PLUMED:   with coefficients: 1.000000 0.060221
PLUMED:   with parameters: 0.000000 0.000000
PLUMED:   and powers: 1.000000 1.000000
PLUMED: Action COMBINE
PLUMED:   with label enthalpyPerAtom
PLUMED:   with arguments enthalpy
PLUMED:   with coefficients: 0.003906
PLUMED:   with parameters: 0.000000
PLUMED:   and powers: 1.000000
PLUMED: Action PRINT
PLUMED:   with label @6
PLUMED:   with stride 500
PLUMED:   with arguments s2 ene vol enthalpy enthalpyPerAtom
PLUMED:   on file COLVAR
PLUMED:   with format  %f
PLUMED: END FILE: plumed.start.dat
PLUMED: Timestep: 0.002000
PLUMED: KbT has not been set by the MD engine
PLUMED: It should be set by hand where needed
PLUMED: Relevant bibliography:
PLUMED:   [1] The PLUMED consortium, Nat. Methods 16, 670 (2019)
PLUMED:   [2] Tribello, Bonomi, Branduardi, Camilloni, and Bussi, Comput. Phys. Commun. 185, 604 (2014)
PLUMED:   [3] Piaggi, Valsson, and Parrinello, Phys. Rev. Lett. 119, 015701 (2017)
PLUMED:   [4] Bartels and Karplus, J. Phys. Chem. B 102, 865 (1998)
PLUMED:   [5] Bonomi and Parrinello, J. Comp. Chem. 30, 1615 (2009)
PLUMED: Please read and cite where appropriate!
PLUMED: Finished setup
PLUMED:                                               Cycles        Total      Average      Minimum      Maximum
PLUMED:                                                    1    27.558529    27.558529    27.558529    27.558529
PLUMED: 1 Prepare dependencies                       4005001     1.209320     0.000000     0.000000     0.003791
PLUMED: 2 Sharing data                                  8011     0.345051     0.000043     0.000036     0.003925
PLUMED: 3 Waiting for data                              8011     0.070588     0.000009     0.000007     0.000141
PLUMED: 4 Calculating (forward loop)                    8011     3.710900     0.000463     0.000400     0.008457
PLUMED: 5 Applying (backward loop)                      8011     0.105903     0.000013     0.000008     0.000031
PLUMED: 6 Update                                        8011     0.199863     0.000025     0.000015     0.000154
